2021-03-22 19:33:12,675 - instabot version: 0.117.0 (bot) - INFO - Instabot version: 0.117.0 Started
2021-03-22 19:33:12,675 - instabot version: 0.117.0 (bot) - DEBUG - Bot imported from C:\Users\Kevin\AppData\Local\Programs\Python\Python39\lib\site-packages\instabot\bot\bot.py
2021-03-22 19:33:12,679 - instabot version: 0.117.0 (api_login) - INFO - Not yet logged in starting: PRE-LOGIN FLOW!
2021-03-22 19:33:26,877 - instabot version: 0.117.0 (api) - DEBUG - POST to endpoint: accounts/get_prefill_candidates/ returned response: <Response [200]>
2021-03-22 19:33:27,580 - instabot version: 0.117.0 (api) - DEBUG - POST to endpoint: qe/sync/ returned response: <Response [200]>
2021-03-22 19:33:28,525 - instabot version: 0.117.0 (api) - DEBUG - POST to endpoint: launcher/sync/ returned response: <Response [200]>
2021-03-22 19:33:29,274 - instabot version: 0.117.0 (api) - DEBUG - POST to endpoint: accounts/contact_point_prefill/ returned response: <Response [200]>
2021-03-22 19:33:31,267 - instabot version: 0.117.0 (api) - DEBUG - POST to endpoint: accounts/login/ returned response: <Response [200]>
2021-03-22 19:33:31,267 - instabot version: 0.117.0 (api) - INFO - Logged-in successfully as 'gudrizimlu'!
2021-03-22 19:33:31,267 - instabot version: 0.117.0 (api_login) - INFO - LOGIN FLOW! Just logged-in: True
2021-03-22 19:33:31,935 - instabot version: 0.117.0 (api) - DEBUG - POST to endpoint: qe/sync/ returned response: <Response [200]>
2021-03-22 19:33:32,583 - instabot version: 0.117.0 (api) - DEBUG - POST to endpoint: launcher/sync/ returned response: <Response [200]>
2021-03-22 19:33:34,420 - instabot version: 0.117.0 (api) - DEBUG - GET to endpoint: zr/token/result/?device_id=android-33cd937d7fbc64ef&token_hash=&custom_device_id=android-33cd937d7fbc64ef&fetch_reason=token_expired returned response: <Response [200]>
2021-03-22 19:33:34,990 - instabot version: 0.117.0 (api) - DEBUG - GET to endpoint: multiple_accounts/get_account_family/ returned response: <Response [200]>
2021-03-22 19:33:35,587 - instabot version: 0.117.0 (api) - DEBUG - POST to endpoint: qe/sync/ returned response: <Response [200]>
2021-03-22 19:33:36,349 - instabot version: 0.117.0 (api) - DEBUG - GET to endpoint: igtv/browse_feed/?prefetch=1 returned response: <Response [200]>
2021-03-22 19:33:36,968 - instabot version: 0.117.0 (api) - DEBUG - POST to endpoint: creatives/ar_class/ returned response: <Response [200]>
2021-03-22 19:33:37,689 - instabot version: 0.117.0 (api) - DEBUG - POST to endpoint: feed/reels_tray/ returned response: <Response [200]>
2021-03-22 19:33:38,933 - instabot version: 0.117.0 (api) - DEBUG - POST to endpoint: feed/timeline/ returned response: <Response [200]>
2021-03-22 19:33:39,649 - instabot version: 0.117.0 (api) - DEBUG - GET to endpoint: media/blocked/ returned response: <Response [200]>
2021-03-22 19:33:40,549 - instabot version: 0.117.0 (api) - DEBUG - GET to endpoint: news/inbox/ returned response: <Response [200]>
2021-03-22 19:33:41,157 - instabot version: 0.117.0 (api) - DEBUG - GET to endpoint: loom/fetch_config/ returned response: <Response [200]>
2021-03-22 19:33:42,016 - instabot version: 0.117.0 (api) - DEBUG - GET to endpoint: scores/bootstrap/users/?surfaces=["autocomplete_user_list","coefficient_besties_list_ranking","coefficient_rank_recipient_user_suggestion","coefficient_ios_section_test_bootstrap_ranking","coefficient_direct_recipients_ranking_variant_2"] returned response: <Response [200]>
2021-03-22 19:33:42,857 - instabot version: 0.117.0 (api) - DEBUG - GET to endpoint: business/eligibility/get_monetization_products_eligibility_data/?product_types=branded_content returned response: <Response [200]>
2021-03-22 19:33:43,535 - instabot version: 0.117.0 (api) - DEBUG - GET to endpoint: business/branded_content/should_require_professional_account/ returned response: <Response [200]>
2021-03-22 19:33:44,140 - instabot version: 0.117.0 (api) - DEBUG - GET to endpoint: linked_accounts/get_linkage_status/ returned response: <Response [200]>
2021-03-22 19:33:44,745 - instabot version: 0.117.0 (api) - DEBUG - GET to endpoint: locations/request_country/ returned response: <Response [200]>
2021-03-22 19:33:45,329 - instabot version: 0.117.0 (api) - DEBUG - GET to endpoint: qp/get_cooldowns/?signed_body=signed_body=4b9c516a5410a3bc128e09c6104a7f042146b9c2023870560c63a43a7f66781c.4&ig_sig_key_version=4&ig_sig_key_version=4 returned response: <Response [200]>
2021-03-22 19:33:46,917 - instabot version: 0.117.0 (api) - DEBUG - GET to endpoint: users/arlink_download_info/?version_override=2.2.1 returned response: <Response [200]>
2021-03-22 19:33:47,735 - instabot version: 0.117.0 (api) - DEBUG - GET to endpoint: users/46273463996/info/ returned response: <Response [200]>
2021-03-22 19:33:48,356 - instabot version: 0.117.0 (api) - DEBUG - GET to endpoint: direct_v2/get_presence/ returned response: <Response [200]>
2021-03-22 19:33:49,015 - instabot version: 0.117.0 (api) - DEBUG - GET to endpoint: direct_v2/inbox/?visual_message_return_type=unseen&thread_message_limit=10&persistentBadging=true&limit=20 returned response: <Response [200]>
2021-03-22 19:33:49,660 - instabot version: 0.117.0 (api) - DEBUG - GET to endpoint: direct_v2/inbox/?visual_message_return_type=unseen&persistentBadging=true&limit=0 returned response: <Response [200]>
2021-03-22 19:33:50,385 - instabot version: 0.117.0 (api) - DEBUG - GET to endpoint: discover/topical_explore/?is_prefetch=true&omit_cover_media=true&use_sectional_payload=true&timezone_offset=0&session_id=406fe927-efcf-4fe9-ab56-5f5a640fbfdc&include_fixed_destinations=true returned response: <Response [200]>
2021-03-22 19:33:51,035 - instabot version: 0.117.0 (api) - DEBUG - POST to endpoint: notifications/badge/ returned response: <Response [200]>
2021-03-22 19:33:52,021 - instabot version: 0.117.0 (api) - DEBUG - POST to endpoint: qp/batch_fetch/ returned response: <Response [200]>
2021-03-22 19:33:52,029 - instabot version: 0.117.0 (bot_checkpoint) - DEBUG - Loading Checkpoint file from: C:\Projects\Python\InstagramBot/config/gudrizimlu.checkpoint
2021-03-22 19:33:52,830 - instabot version: 0.117.0 (api) - DEBUG - GET to endpoint: feed/user/46273463996/?max_id=&min_timestamp=None&rank_token=46273463996_7fa385fe-8f36-4612-b53b-fc22766f3ba1&ranked_content=true returned response: <Response [200]>
2021-03-22 19:33:53,522 - instabot version: 0.117.0 (api) - DEBUG - GET to endpoint: media/2535335539252695129_46273463996/comments/ returned response: <Response [200]>
2021-03-22 19:33:54,337 - instabot version: 0.117.0 (api) - DEBUG - GET to endpoint: media/2535335539252695129_46273463996/comments/ returned response: <Response [200]>
2021-03-22 19:33:56,170 - instabot version: 0.117.0 (api) - DEBUG - POST to endpoint: media/17939209477466236/comment_like/ returned response: <Response [400]>
2021-03-22 19:33:56,170 - instabot version: 0.117.0 (api) - DEBUG - Responsecode indicates error; response content: b'{"message":"You have already liked this comment","comment_like_error_key":"comment_like_duplicate","status":"fail"}'
2021-03-22 19:33:56,170 - instabot version: 0.117.0 (api) - ERROR - Request returns 400 error!
2021-03-22 19:33:56,170 - instabot version: 0.117.0 (api) - INFO - Instagram's error message: You have already liked this comment
2021-03-22 19:33:56,170 - instabot version: 0.117.0 (api) - INFO - Instagram's error message: {}
2021-03-22 19:34:42,873 - instabot version: 0.117.0 (bot_checkpoint) - DEBUG - Saving Checkpoint file to: C:\Projects\Python\InstagramBot/config/gudrizimlu.checkpoint
2021-03-22 19:34:42,875 - instabot version: 0.117.0 (bot) - INFO - Total likes: 4/74
2021-03-22 19:34:42,876 - instabot version: 0.117.0 (bot) - INFO - Total comments: 2/100000
2021-03-22 19:34:42,877 - instabot version: 0.117.0 (bot) - INFO - Total requests: 67
