2021-03-22 19:43:40,141 - instabot version: 0.117.0 (bot) - INFO - Instabot version: 0.117.0 Started
2021-03-22 19:43:40,146 - instabot version: 0.117.0 (bot) - DEBUG - Bot imported from C:\Users\Kevin\AppData\Local\Programs\Python\Python39\lib\site-packages\instabot\bot\bot.py
2021-03-22 19:43:40,151 - instabot version: 0.117.0 (api_login) - INFO - Not yet logged in starting: PRE-LOGIN FLOW!
2021-03-22 19:43:41,047 - instabot version: 0.117.0 (api) - DEBUG - POST to endpoint: accounts/get_prefill_candidates/ returned response: <Response [200]>
2021-03-22 19:43:41,664 - instabot version: 0.117.0 (api) - DEBUG - POST to endpoint: qe/sync/ returned response: <Response [200]>
2021-03-22 19:43:42,273 - instabot version: 0.117.0 (api) - DEBUG - POST to endpoint: launcher/sync/ returned response: <Response [200]>
2021-03-22 19:43:42,886 - instabot version: 0.117.0 (api) - DEBUG - POST to endpoint: accounts/contact_point_prefill/ returned response: <Response [200]>
2021-03-22 19:43:44,857 - instabot version: 0.117.0 (api) - DEBUG - POST to endpoint: accounts/login/ returned response: <Response [200]>
2021-03-22 19:43:44,857 - instabot version: 0.117.0 (api) - INFO - Logged-in successfully as 'gudrizimlu'!
2021-03-22 19:43:44,857 - instabot version: 0.117.0 (api_login) - INFO - LOGIN FLOW! Just logged-in: True
2021-03-22 19:43:45,711 - instabot version: 0.117.0 (api) - DEBUG - POST to endpoint: qe/sync/ returned response: <Response [200]>
2021-03-22 19:43:46,412 - instabot version: 0.117.0 (api) - DEBUG - POST to endpoint: launcher/sync/ returned response: <Response [200]>
2021-03-22 19:43:47,068 - instabot version: 0.117.0 (api) - DEBUG - GET to endpoint: zr/token/result/?device_id=android-33cd937d7fbc64ef&token_hash=&custom_device_id=android-33cd937d7fbc64ef&fetch_reason=token_expired returned response: <Response [200]>
2021-03-22 19:43:47,689 - instabot version: 0.117.0 (api) - DEBUG - GET to endpoint: multiple_accounts/get_account_family/ returned response: <Response [200]>
2021-03-22 19:43:48,363 - instabot version: 0.117.0 (api) - DEBUG - POST to endpoint: qe/sync/ returned response: <Response [200]>
2021-03-22 19:43:49,196 - instabot version: 0.117.0 (api) - DEBUG - GET to endpoint: igtv/browse_feed/?prefetch=1 returned response: <Response [200]>
2021-03-22 19:43:49,836 - instabot version: 0.117.0 (api) - DEBUG - POST to endpoint: creatives/ar_class/ returned response: <Response [200]>
2021-03-22 19:43:51,208 - instabot version: 0.117.0 (api) - DEBUG - POST to endpoint: feed/reels_tray/ returned response: <Response [200]>
2021-03-22 19:43:52,645 - instabot version: 0.117.0 (api) - DEBUG - POST to endpoint: feed/timeline/ returned response: <Response [200]>
2021-03-22 19:43:53,286 - instabot version: 0.117.0 (api) - DEBUG - GET to endpoint: media/blocked/ returned response: <Response [200]>
2021-03-22 19:43:54,145 - instabot version: 0.117.0 (api) - DEBUG - GET to endpoint: news/inbox/ returned response: <Response [200]>
2021-03-22 19:43:54,809 - instabot version: 0.117.0 (api) - DEBUG - GET to endpoint: loom/fetch_config/ returned response: <Response [200]>
2021-03-22 19:43:55,601 - instabot version: 0.117.0 (api) - DEBUG - GET to endpoint: scores/bootstrap/users/?surfaces=["autocomplete_user_list","coefficient_besties_list_ranking","coefficient_rank_recipient_user_suggestion","coefficient_ios_section_test_bootstrap_ranking","coefficient_direct_recipients_ranking_variant_2"] returned response: <Response [200]>
2021-03-22 19:43:56,315 - instabot version: 0.117.0 (api) - DEBUG - GET to endpoint: business/eligibility/get_monetization_products_eligibility_data/?product_types=branded_content returned response: <Response [200]>
2021-03-22 19:43:56,914 - instabot version: 0.117.0 (api) - DEBUG - GET to endpoint: business/branded_content/should_require_professional_account/ returned response: <Response [200]>
2021-03-22 19:43:57,546 - instabot version: 0.117.0 (api) - DEBUG - GET to endpoint: linked_accounts/get_linkage_status/ returned response: <Response [200]>
2021-03-22 19:43:58,185 - instabot version: 0.117.0 (api) - DEBUG - GET to endpoint: locations/request_country/ returned response: <Response [200]>
2021-03-22 19:43:58,806 - instabot version: 0.117.0 (api) - DEBUG - GET to endpoint: qp/get_cooldowns/?signed_body=signed_body=4b9c516a5410a3bc128e09c6104a7f042146b9c2023870560c63a43a7f66781c.4&ig_sig_key_version=4&ig_sig_key_version=4 returned response: <Response [200]>
2021-03-22 19:43:59,456 - instabot version: 0.117.0 (api) - DEBUG - GET to endpoint: users/arlink_download_info/?version_override=2.2.1 returned response: <Response [200]>
2021-03-22 19:44:00,166 - instabot version: 0.117.0 (api) - DEBUG - GET to endpoint: users/46273463996/info/ returned response: <Response [200]>
2021-03-22 19:44:01,026 - instabot version: 0.117.0 (api) - DEBUG - GET to endpoint: direct_v2/get_presence/ returned response: <Response [200]>
2021-03-22 19:44:01,886 - instabot version: 0.117.0 (api) - DEBUG - GET to endpoint: direct_v2/inbox/?visual_message_return_type=unseen&thread_message_limit=10&persistentBadging=true&limit=20 returned response: <Response [200]>
2021-03-22 19:44:02,773 - instabot version: 0.117.0 (api) - DEBUG - GET to endpoint: direct_v2/inbox/?visual_message_return_type=unseen&persistentBadging=true&limit=0 returned response: <Response [200]>
2021-03-22 19:44:03,516 - instabot version: 0.117.0 (api) - DEBUG - GET to endpoint: discover/topical_explore/?is_prefetch=true&omit_cover_media=true&use_sectional_payload=true&timezone_offset=0&session_id=9ebfc3b2-72b5-47b2-8e50-098c2a22beba&include_fixed_destinations=true returned response: <Response [200]>
2021-03-22 19:44:04,156 - instabot version: 0.117.0 (api) - DEBUG - POST to endpoint: notifications/badge/ returned response: <Response [200]>
2021-03-22 19:44:04,939 - instabot version: 0.117.0 (api) - DEBUG - POST to endpoint: qp/batch_fetch/ returned response: <Response [200]>
2021-03-22 19:44:04,939 - instabot version: 0.117.0 (bot_checkpoint) - DEBUG - Loading Checkpoint file from: C:\Projects\Python\InstagramBot/config/gudrizimlu.checkpoint
2021-03-22 19:44:05,856 - instabot version: 0.117.0 (api) - DEBUG - GET to endpoint: feed/user/46273463996/?max_id=&min_timestamp=None&rank_token=46273463996_178bbfab-13ec-4ecd-aaaa-7006cc86c3c5&ranked_content=true returned response: <Response [200]>
2021-03-22 19:44:06,931 - instabot version: 0.117.0 (api) - DEBUG - GET to endpoint: media/2535335539252695129_46273463996/comments/ returned response: <Response [200]>
2021-03-22 19:44:07,681 - instabot version: 0.117.0 (api) - DEBUG - GET to endpoint: media/2535335539252695129_46273463996/comments/ returned response: <Response [200]>
2021-03-22 19:44:08,416 - instabot version: 0.117.0 (api) - DEBUG - POST to endpoint: media/17939209477466236/comment_like/ returned response: <Response [400]>
2021-03-22 19:44:08,416 - instabot version: 0.117.0 (api) - DEBUG - Responsecode indicates error; response content: b'{"message":"You have already liked this comment","comment_like_error_key":"comment_like_duplicate","status":"fail"}'
2021-03-22 19:44:08,416 - instabot version: 0.117.0 (api) - ERROR - Request returns 400 error!
2021-03-22 19:44:08,416 - instabot version: 0.117.0 (api) - INFO - Instagram's error message: You have already liked this comment
2021-03-22 19:44:08,425 - instabot version: 0.117.0 (api) - INFO - Instagram's error message: {}
2021-03-22 19:44:30,832 - instabot version: 0.117.0 (bot_checkpoint) - DEBUG - Saving Checkpoint file to: C:\Projects\Python\InstagramBot/config/gudrizimlu.checkpoint
2021-03-22 19:44:30,834 - instabot version: 0.117.0 (bot) - INFO - Total likes: 4/53
2021-03-22 19:44:30,835 - instabot version: 0.117.0 (bot) - INFO - Total comments: 2/100000
2021-03-22 19:44:30,836 - instabot version: 0.117.0 (bot) - INFO - Total requests: 87
