2021-03-22 20:01:33,802 - instabot version: 0.117.0 (bot) - INFO - Instabot version: 0.117.0 Started
2021-03-22 20:01:33,802 - instabot version: 0.117.0 (bot) - DEBUG - Bot imported from C:\Users\Kevin\AppData\Local\Programs\Python\Python39\lib\site-packages\instabot\bot\bot.py
2021-03-22 20:01:33,807 - instabot version: 0.117.0 (api_login) - INFO - Not yet logged in starting: PRE-LOGIN FLOW!
2021-03-22 20:01:34,612 - instabot version: 0.117.0 (api) - DEBUG - POST to endpoint: accounts/get_prefill_candidates/ returned response: <Response [200]>
2021-03-22 20:01:35,306 - instabot version: 0.117.0 (api) - DEBUG - POST to endpoint: qe/sync/ returned response: <Response [200]>
2021-03-22 20:01:36,017 - instabot version: 0.117.0 (api) - DEBUG - POST to endpoint: launcher/sync/ returned response: <Response [200]>
2021-03-22 20:01:36,830 - instabot version: 0.117.0 (api) - DEBUG - POST to endpoint: accounts/contact_point_prefill/ returned response: <Response [200]>
2021-03-22 20:01:39,648 - instabot version: 0.117.0 (api) - DEBUG - POST to endpoint: accounts/login/ returned response: <Response [200]>
2021-03-22 20:01:39,648 - instabot version: 0.117.0 (api) - INFO - Logged-in successfully as 'gudrizimlu'!
2021-03-22 20:01:39,651 - instabot version: 0.117.0 (api_login) - INFO - LOGIN FLOW! Just logged-in: True
2021-03-22 20:01:40,361 - instabot version: 0.117.0 (api) - DEBUG - POST to endpoint: qe/sync/ returned response: <Response [200]>
2021-03-22 20:01:41,061 - instabot version: 0.117.0 (api) - DEBUG - POST to endpoint: launcher/sync/ returned response: <Response [200]>
2021-03-22 20:01:41,930 - instabot version: 0.117.0 (api) - DEBUG - GET to endpoint: zr/token/result/?device_id=android-33cd937d7fbc64ef&token_hash=&custom_device_id=android-33cd937d7fbc64ef&fetch_reason=token_expired returned response: <Response [200]>
2021-03-22 20:01:42,822 - instabot version: 0.117.0 (api) - DEBUG - GET to endpoint: multiple_accounts/get_account_family/ returned response: <Response [200]>
2021-03-22 20:01:43,607 - instabot version: 0.117.0 (api) - DEBUG - POST to endpoint: qe/sync/ returned response: <Response [200]>
2021-03-22 20:01:44,627 - instabot version: 0.117.0 (api) - DEBUG - GET to endpoint: igtv/browse_feed/?prefetch=1 returned response: <Response [200]>
2021-03-22 20:01:45,902 - instabot version: 0.117.0 (api) - DEBUG - POST to endpoint: creatives/ar_class/ returned response: <Response [200]>
2021-03-22 20:01:46,685 - instabot version: 0.117.0 (api) - DEBUG - POST to endpoint: feed/reels_tray/ returned response: <Response [200]>
2021-03-22 20:01:50,015 - instabot version: 0.117.0 (api) - DEBUG - POST to endpoint: feed/timeline/ returned response: <Response [200]>
2021-03-22 20:01:51,102 - instabot version: 0.117.0 (api) - DEBUG - GET to endpoint: media/blocked/ returned response: <Response [200]>
2021-03-22 20:01:54,834 - instabot version: 0.117.0 (api) - DEBUG - GET to endpoint: news/inbox/ returned response: <Response [200]>
2021-03-22 20:01:55,518 - instabot version: 0.117.0 (api) - DEBUG - GET to endpoint: loom/fetch_config/ returned response: <Response [200]>
2021-03-22 20:01:56,488 - instabot version: 0.117.0 (api) - DEBUG - GET to endpoint: scores/bootstrap/users/?surfaces=["autocomplete_user_list","coefficient_besties_list_ranking","coefficient_rank_recipient_user_suggestion","coefficient_ios_section_test_bootstrap_ranking","coefficient_direct_recipients_ranking_variant_2"] returned response: <Response [200]>
2021-03-22 20:01:58,820 - instabot version: 0.117.0 (api) - DEBUG - GET to endpoint: business/eligibility/get_monetization_products_eligibility_data/?product_types=branded_content returned response: <Response [200]>
2021-03-22 20:01:59,635 - instabot version: 0.117.0 (api) - DEBUG - GET to endpoint: business/branded_content/should_require_professional_account/ returned response: <Response [200]>
2021-03-22 20:02:00,790 - instabot version: 0.117.0 (api) - DEBUG - GET to endpoint: linked_accounts/get_linkage_status/ returned response: <Response [200]>
2021-03-22 20:02:01,440 - instabot version: 0.117.0 (api) - DEBUG - GET to endpoint: locations/request_country/ returned response: <Response [200]>
2021-03-22 20:02:02,197 - instabot version: 0.117.0 (api) - DEBUG - GET to endpoint: qp/get_cooldowns/?signed_body=signed_body=4b9c516a5410a3bc128e09c6104a7f042146b9c2023870560c63a43a7f66781c.4&ig_sig_key_version=4&ig_sig_key_version=4 returned response: <Response [200]>
2021-03-22 20:02:03,110 - instabot version: 0.117.0 (api) - DEBUG - GET to endpoint: users/arlink_download_info/?version_override=2.2.1 returned response: <Response [200]>
2021-03-22 20:02:03,847 - instabot version: 0.117.0 (api) - DEBUG - GET to endpoint: users/46273463996/info/ returned response: <Response [200]>
2021-03-22 20:02:04,480 - instabot version: 0.117.0 (api) - DEBUG - GET to endpoint: direct_v2/get_presence/ returned response: <Response [200]>
2021-03-22 20:02:05,182 - instabot version: 0.117.0 (api) - DEBUG - GET to endpoint: direct_v2/inbox/?visual_message_return_type=unseen&thread_message_limit=10&persistentBadging=true&limit=20 returned response: <Response [200]>
2021-03-22 20:02:05,972 - instabot version: 0.117.0 (api) - DEBUG - GET to endpoint: direct_v2/inbox/?visual_message_return_type=unseen&persistentBadging=true&limit=0 returned response: <Response [200]>
2021-03-22 20:02:07,420 - instabot version: 0.117.0 (api) - DEBUG - GET to endpoint: discover/topical_explore/?is_prefetch=true&omit_cover_media=true&use_sectional_payload=true&timezone_offset=0&session_id=f8fc943d-ca59-4ea1-9a67-692ea63df910&include_fixed_destinations=true returned response: <Response [200]>
2021-03-22 20:02:08,045 - instabot version: 0.117.0 (api) - DEBUG - POST to endpoint: notifications/badge/ returned response: <Response [200]>
2021-03-22 20:02:08,792 - instabot version: 0.117.0 (api) - DEBUG - POST to endpoint: qp/batch_fetch/ returned response: <Response [200]>
2021-03-22 20:02:08,792 - instabot version: 0.117.0 (bot_checkpoint) - DEBUG - Loading Checkpoint file from: C:\Projects\Python\InstagramBot/config/gudrizimlu.checkpoint
2021-03-22 20:02:09,644 - instabot version: 0.117.0 (api) - DEBUG - GET to endpoint: feed/user/46273463996/?max_id=&min_timestamp=None&rank_token=46273463996_803d00b7-9bdd-47e8-8ba0-decb2d57cfe0&ranked_content=true returned response: <Response [200]>
2021-03-22 20:02:10,448 - instabot version: 0.117.0 (api) - DEBUG - GET to endpoint: media/2535335539252695129_46273463996/comments/ returned response: <Response [200]>
2021-03-22 20:02:11,212 - instabot version: 0.117.0 (api) - DEBUG - GET to endpoint: media/2535335539252695129_46273463996/comments/ returned response: <Response [200]>
2021-03-22 20:02:11,222 - instabot version: 0.117.0 (bot_checkpoint) - DEBUG - Saving Checkpoint file to: C:\Projects\Python\InstagramBot/config/gudrizimlu.checkpoint
2021-03-22 20:02:11,227 - instabot version: 0.117.0 (bot) - INFO - Total likes: 4/53
2021-03-22 20:02:11,227 - instabot version: 0.117.0 (bot) - INFO - Total comments: 2/100000
2021-03-22 20:02:11,227 - instabot version: 0.117.0 (bot) - INFO - Total requests: 115
