2021-03-22 21:10:18,757 - instabot version: 0.117.0 (bot) - INFO - Instabot version: 0.117.0 Started
2021-03-22 21:10:18,757 - instabot version: 0.117.0 (bot) - DEBUG - Bot imported from C:\Users\Kevin\AppData\Local\Programs\Python\Python39\lib\site-packages\instabot\bot\bot.py
2021-03-22 21:10:18,763 - instabot version: 0.117.0 (api_login) - INFO - Not yet logged in starting: PRE-LOGIN FLOW!
2021-03-22 21:10:19,527 - instabot version: 0.117.0 (api) - DEBUG - POST to endpoint: accounts/get_prefill_candidates/ returned response: <Response [200]>
2021-03-22 21:10:20,176 - instabot version: 0.117.0 (api) - DEBUG - POST to endpoint: qe/sync/ returned response: <Response [200]>
2021-03-22 21:10:20,784 - instabot version: 0.117.0 (api) - DEBUG - POST to endpoint: launcher/sync/ returned response: <Response [200]>
2021-03-22 21:10:21,373 - instabot version: 0.117.0 (api) - DEBUG - POST to endpoint: accounts/contact_point_prefill/ returned response: <Response [200]>
2021-03-22 21:10:23,584 - instabot version: 0.117.0 (api) - DEBUG - POST to endpoint: accounts/login/ returned response: <Response [200]>
2021-03-22 21:10:23,584 - instabot version: 0.117.0 (api) - INFO - Logged-in successfully as 'gudrizimlu'!
2021-03-22 21:10:23,584 - instabot version: 0.117.0 (api_login) - INFO - LOGIN FLOW! Just logged-in: True
2021-03-22 21:10:24,216 - instabot version: 0.117.0 (api) - DEBUG - POST to endpoint: qe/sync/ returned response: <Response [200]>
2021-03-22 21:10:24,837 - instabot version: 0.117.0 (api) - DEBUG - POST to endpoint: launcher/sync/ returned response: <Response [200]>
2021-03-22 21:10:25,420 - instabot version: 0.117.0 (api) - DEBUG - GET to endpoint: zr/token/result/?device_id=android-33cd937d7fbc64ef&token_hash=&custom_device_id=android-33cd937d7fbc64ef&fetch_reason=token_expired returned response: <Response [200]>
2021-03-22 21:10:26,362 - instabot version: 0.117.0 (api) - DEBUG - GET to endpoint: multiple_accounts/get_account_family/ returned response: <Response [200]>
2021-03-22 21:10:27,014 - instabot version: 0.117.0 (api) - DEBUG - POST to endpoint: qe/sync/ returned response: <Response [200]>
2021-03-22 21:10:27,737 - instabot version: 0.117.0 (api) - DEBUG - GET to endpoint: igtv/browse_feed/?prefetch=1 returned response: <Response [200]>
2021-03-22 21:10:28,596 - instabot version: 0.117.0 (api) - DEBUG - POST to endpoint: creatives/ar_class/ returned response: <Response [200]>
2021-03-22 21:10:29,276 - instabot version: 0.117.0 (api) - DEBUG - POST to endpoint: feed/reels_tray/ returned response: <Response [200]>
2021-03-22 21:10:31,346 - instabot version: 0.117.0 (api) - DEBUG - POST to endpoint: feed/timeline/ returned response: <Response [200]>
2021-03-22 21:10:31,956 - instabot version: 0.117.0 (api) - DEBUG - GET to endpoint: media/blocked/ returned response: <Response [200]>
2021-03-22 21:10:32,807 - instabot version: 0.117.0 (api) - DEBUG - GET to endpoint: news/inbox/ returned response: <Response [200]>
2021-03-22 21:10:33,484 - instabot version: 0.117.0 (api) - DEBUG - GET to endpoint: loom/fetch_config/ returned response: <Response [200]>
2021-03-22 21:10:34,207 - instabot version: 0.117.0 (api) - DEBUG - GET to endpoint: scores/bootstrap/users/?surfaces=["autocomplete_user_list","coefficient_besties_list_ranking","coefficient_rank_recipient_user_suggestion","coefficient_ios_section_test_bootstrap_ranking","coefficient_direct_recipients_ranking_variant_2"] returned response: <Response [200]>
2021-03-22 21:10:34,956 - instabot version: 0.117.0 (api) - DEBUG - GET to endpoint: business/eligibility/get_monetization_products_eligibility_data/?product_types=branded_content returned response: <Response [200]>
2021-03-22 21:10:36,530 - instabot version: 0.117.0 (api) - DEBUG - GET to endpoint: business/branded_content/should_require_professional_account/ returned response: <Response [200]>
2021-03-22 21:10:37,156 - instabot version: 0.117.0 (api) - DEBUG - GET to endpoint: linked_accounts/get_linkage_status/ returned response: <Response [200]>
2021-03-22 21:10:37,766 - instabot version: 0.117.0 (api) - DEBUG - GET to endpoint: locations/request_country/ returned response: <Response [200]>
2021-03-22 21:10:38,357 - instabot version: 0.117.0 (api) - DEBUG - GET to endpoint: qp/get_cooldowns/?signed_body=signed_body=4b9c516a5410a3bc128e09c6104a7f042146b9c2023870560c63a43a7f66781c.4&ig_sig_key_version=4&ig_sig_key_version=4 returned response: <Response [200]>
2021-03-22 21:10:38,926 - instabot version: 0.117.0 (api) - DEBUG - GET to endpoint: users/arlink_download_info/?version_override=2.2.1 returned response: <Response [200]>
2021-03-22 21:10:39,696 - instabot version: 0.117.0 (api) - DEBUG - GET to endpoint: users/46273463996/info/ returned response: <Response [200]>
2021-03-22 21:10:40,266 - instabot version: 0.117.0 (api) - DEBUG - GET to endpoint: direct_v2/get_presence/ returned response: <Response [200]>
2021-03-22 21:10:40,896 - instabot version: 0.117.0 (api) - DEBUG - GET to endpoint: direct_v2/inbox/?visual_message_return_type=unseen&thread_message_limit=10&persistentBadging=true&limit=20 returned response: <Response [200]>
2021-03-22 21:10:41,482 - instabot version: 0.117.0 (api) - DEBUG - GET to endpoint: direct_v2/inbox/?visual_message_return_type=unseen&persistentBadging=true&limit=0 returned response: <Response [200]>
2021-03-22 21:10:42,139 - instabot version: 0.117.0 (api) - DEBUG - GET to endpoint: discover/topical_explore/?is_prefetch=true&omit_cover_media=true&use_sectional_payload=true&timezone_offset=0&session_id=9ead778b-7f9c-422f-826f-606cfd375573&include_fixed_destinations=true returned response: <Response [200]>
2021-03-22 21:10:42,731 - instabot version: 0.117.0 (api) - DEBUG - POST to endpoint: notifications/badge/ returned response: <Response [200]>
2021-03-22 21:10:43,452 - instabot version: 0.117.0 (api) - DEBUG - POST to endpoint: qp/batch_fetch/ returned response: <Response [200]>
2021-03-22 21:10:43,452 - instabot version: 0.117.0 (bot_checkpoint) - DEBUG - Loading Checkpoint file from: C:\Projects\Python\InstagramBot/config/gudrizimlu.checkpoint
2021-03-22 21:10:44,173 - instabot version: 0.117.0 (api) - DEBUG - GET to endpoint: feed/user/46273463996/?max_id=&min_timestamp=None&rank_token=46273463996_1a0355b5-dfa6-495d-b0d1-c6e5bad235ee&ranked_content=true returned response: <Response [200]>
2021-03-22 21:10:44,993 - instabot version: 0.117.0 (api) - DEBUG - GET to endpoint: media/2535335539252695129_46273463996/comments/ returned response: <Response [200]>
2021-03-22 21:10:46,177 - instabot version: 0.117.0 (api) - DEBUG - GET to endpoint: media/2535335539252695129_46273463996/comments/ returned response: <Response [200]>
2021-03-22 21:10:46,802 - instabot version: 0.117.0 (api) - DEBUG - POST to endpoint: media/17939209477466236/comment_like/ returned response: <Response [400]>
2021-03-22 21:10:46,802 - instabot version: 0.117.0 (api) - DEBUG - Responsecode indicates error; response content: b'{"message":"You have already liked this comment","comment_like_error_key":"comment_like_duplicate","status":"fail"}'
2021-03-22 21:10:46,802 - instabot version: 0.117.0 (api) - ERROR - Request returns 400 error!
2021-03-22 21:10:47,447 - instabot version: 0.117.0 (api) - DEBUG - POST to endpoint: media/17909098762704732/comment_like/ returned response: <Response [400]>
2021-03-22 21:10:47,447 - instabot version: 0.117.0 (api) - DEBUG - Responsecode indicates error; response content: b'{"message":"You have already liked this comment","comment_like_error_key":"comment_like_duplicate","status":"fail"}'
2021-03-22 21:10:47,447 - instabot version: 0.117.0 (api) - ERROR - Request returns 400 error!
2021-03-22 21:10:48,651 - instabot version: 0.117.0 (api) - DEBUG - POST to endpoint: media/17883921851077210/comment_like/ returned response: <Response [200]>
2021-03-22 21:10:48,652 - instabot version: 0.117.0 (bot_like) - INFO - Liked comment 17883921851077210.
2021-03-22 21:10:49,616 - instabot version: 0.117.0 (api) - DEBUG - GET to endpoint: media/2535335539252695129_46273463996/comments/ returned response: <Response [200]>
2021-03-22 21:10:50,286 - instabot version: 0.117.0 (api) - DEBUG - GET to endpoint: users/657476287/info/ returned response: <Response [200]>
2021-03-22 21:10:51,040 - instabot version: 0.117.0 (api) - DEBUG - GET to endpoint: users/46273463996/info/ returned response: <Response [200]>
2021-03-22 21:10:52,588 - instabot version: 0.117.0 (api) - DEBUG - POST to endpoint: media/2535335539252695129_46273463996/comment/ returned response: <Response [200]>
2021-03-22 21:10:52,588 - instabot version: 0.117.0 (bot_comment) - INFO - Replied to comment 17883921851077210 of media 2535335539252695129_46273463996
2021-03-22 21:10:53,635 - instabot version: 0.117.0 (api) - DEBUG - GET to endpoint: media/2531132471220976638_46273463996/comments/ returned response: <Response [200]>
2021-03-22 21:10:54,467 - instabot version: 0.117.0 (api) - DEBUG - GET to endpoint: media/2531132471220976638_46273463996/comments/ returned response: <Response [200]>
2021-03-22 21:10:56,774 - instabot version: 0.117.0 (api) - DEBUG - POST to endpoint: media/17911390291721081/comment_like/ returned response: <Response [400]>
2021-03-22 21:10:56,774 - instabot version: 0.117.0 (api) - DEBUG - Responsecode indicates error; response content: b'{"message":"You have already liked this comment","comment_like_error_key":"comment_like_duplicate","status":"fail"}'
2021-03-22 21:10:56,774 - instabot version: 0.117.0 (api) - ERROR - Request returns 400 error!
2021-03-22 21:10:57,495 - instabot version: 0.117.0 (api) - DEBUG - POST to endpoint: media/17882461139086890/comment_like/ returned response: <Response [400]>
2021-03-22 21:10:57,495 - instabot version: 0.117.0 (api) - DEBUG - Responsecode indicates error; response content: b'{"message":"You have already liked this comment","comment_like_error_key":"comment_like_duplicate","status":"fail"}'
2021-03-22 21:10:57,495 - instabot version: 0.117.0 (api) - ERROR - Request returns 400 error!
2021-03-22 21:10:58,219 - instabot version: 0.117.0 (api) - DEBUG - POST to endpoint: media/18108750643213277/comment_like/ returned response: <Response [400]>
2021-03-22 21:10:58,219 - instabot version: 0.117.0 (api) - DEBUG - Responsecode indicates error; response content: b'{"message":"You have already liked this comment","comment_like_error_key":"comment_like_duplicate","status":"fail"}'
2021-03-22 21:10:58,219 - instabot version: 0.117.0 (api) - ERROR - Request returns 400 error!
2021-03-22 21:10:58,995 - instabot version: 0.117.0 (api) - DEBUG - POST to endpoint: media/17925514945535298/comment_like/ returned response: <Response [400]>
2021-03-22 21:10:58,995 - instabot version: 0.117.0 (api) - DEBUG - Responsecode indicates error; response content: b'{"message":"You have already liked this comment","comment_like_error_key":"comment_like_duplicate","status":"fail"}'
2021-03-22 21:10:58,995 - instabot version: 0.117.0 (api) - ERROR - Request returns 400 error!
2021-03-22 21:11:00,076 - instabot version: 0.117.0 (api) - DEBUG - POST to endpoint: media/17959337371382493/comment_like/ returned response: <Response [200]>
2021-03-22 21:11:00,076 - instabot version: 0.117.0 (bot_like) - INFO - Liked comment 17959337371382493.
2021-03-22 21:11:00,958 - instabot version: 0.117.0 (api) - DEBUG - GET to endpoint: media/2531132471220976638_46273463996/comments/ returned response: <Response [200]>
2021-03-22 21:11:00,958 - instabot version: 0.117.0 (bot_comment) - ERROR - You can't reply to yourself
2021-03-22 21:11:01,956 - instabot version: 0.117.0 (api) - DEBUG - POST to endpoint: media/17938981282466267/comment_like/ returned response: <Response [200]>
2021-03-22 21:11:01,956 - instabot version: 0.117.0 (bot_like) - INFO - Liked comment 17938981282466267.
2021-03-22 21:11:02,756 - instabot version: 0.117.0 (api) - DEBUG - GET to endpoint: media/2531132471220976638_46273463996/comments/ returned response: <Response [200]>
2021-03-22 21:11:04,846 - instabot version: 0.117.0 (api) - DEBUG - POST to endpoint: media/2531132471220976638_46273463996/comment/ returned response: <Response [200]>
2021-03-22 21:11:04,851 - instabot version: 0.117.0 (bot_comment) - INFO - Replied to comment 17938981282466267 of media 2531132471220976638_46273463996
2021-03-22 21:11:04,851 - instabot version: 0.117.0 (bot_checkpoint) - DEBUG - Saving Checkpoint file to: C:\Projects\Python\InstagramBot/config/gudrizimlu.checkpoint
2021-03-22 21:11:04,856 - instabot version: 0.117.0 (bot) - INFO - Total likes: 8/10000000000000000
2021-03-22 21:11:04,859 - instabot version: 0.117.0 (bot) - INFO - Total comments: 4/10000000000000000
2021-03-22 21:11:04,859 - instabot version: 0.117.0 (bot) - INFO - Total requests: 222
