2021-03-22 20:30:15,615 - instabot version: 0.117.0 (bot) - INFO - Instabot version: 0.117.0 Started
2021-03-22 20:30:15,677 - instabot version: 0.117.0 (bot) - DEBUG - Bot imported from C:\Users\Kevin\AppData\Local\Programs\Python\Python39\lib\site-packages\instabot\bot\bot.py
2021-03-22 20:30:15,680 - instabot version: 0.117.0 (api_login) - INFO - Not yet logged in starting: PRE-LOGIN FLOW!
2021-03-22 20:30:16,637 - instabot version: 0.117.0 (api) - DEBUG - POST to endpoint: accounts/get_prefill_candidates/ returned response: <Response [200]>
2021-03-22 20:30:17,343 - instabot version: 0.117.0 (api) - DEBUG - POST to endpoint: qe/sync/ returned response: <Response [200]>
2021-03-22 20:30:17,972 - instabot version: 0.117.0 (api) - DEBUG - POST to endpoint: launcher/sync/ returned response: <Response [200]>
2021-03-22 20:30:19,312 - instabot version: 0.117.0 (api) - DEBUG - POST to endpoint: accounts/contact_point_prefill/ returned response: <Response [200]>
2021-03-22 20:30:24,673 - instabot version: 0.117.0 (api) - DEBUG - POST to endpoint: accounts/login/ returned response: <Response [200]>
2021-03-22 20:30:24,673 - instabot version: 0.117.0 (api) - INFO - Logged-in successfully as 'gudrizimlu'!
2021-03-22 20:30:24,673 - instabot version: 0.117.0 (api_login) - INFO - LOGIN FLOW! Just logged-in: True
2021-03-22 20:30:25,782 - instabot version: 0.117.0 (api) - DEBUG - POST to endpoint: qe/sync/ returned response: <Response [200]>
2021-03-22 20:30:26,542 - instabot version: 0.117.0 (api) - DEBUG - POST to endpoint: launcher/sync/ returned response: <Response [200]>
2021-03-22 20:30:27,316 - instabot version: 0.117.0 (api) - DEBUG - GET to endpoint: zr/token/result/?device_id=android-33cd937d7fbc64ef&token_hash=&custom_device_id=android-33cd937d7fbc64ef&fetch_reason=token_expired returned response: <Response [200]>
2021-03-22 20:30:28,061 - instabot version: 0.117.0 (api) - DEBUG - GET to endpoint: multiple_accounts/get_account_family/ returned response: <Response [200]>
2021-03-22 20:30:30,607 - instabot version: 0.117.0 (api) - DEBUG - POST to endpoint: qe/sync/ returned response: <Response [200]>
2021-03-22 20:30:31,459 - instabot version: 0.117.0 (api) - DEBUG - GET to endpoint: igtv/browse_feed/?prefetch=1 returned response: <Response [200]>
2021-03-22 20:30:32,091 - instabot version: 0.117.0 (api) - DEBUG - POST to endpoint: creatives/ar_class/ returned response: <Response [200]>
2021-03-22 20:30:32,982 - instabot version: 0.117.0 (api) - DEBUG - POST to endpoint: feed/reels_tray/ returned response: <Response [200]>
2021-03-22 20:30:34,589 - instabot version: 0.117.0 (api) - DEBUG - POST to endpoint: feed/timeline/ returned response: <Response [200]>
2021-03-22 20:30:35,391 - instabot version: 0.117.0 (api) - DEBUG - GET to endpoint: media/blocked/ returned response: <Response [200]>
2021-03-22 20:30:36,702 - instabot version: 0.117.0 (api) - DEBUG - GET to endpoint: news/inbox/ returned response: <Response [200]>
2021-03-22 20:30:37,411 - instabot version: 0.117.0 (api) - DEBUG - GET to endpoint: loom/fetch_config/ returned response: <Response [200]>
2021-03-22 20:30:38,111 - instabot version: 0.117.0 (api) - DEBUG - GET to endpoint: scores/bootstrap/users/?surfaces=["autocomplete_user_list","coefficient_besties_list_ranking","coefficient_rank_recipient_user_suggestion","coefficient_ios_section_test_bootstrap_ranking","coefficient_direct_recipients_ranking_variant_2"] returned response: <Response [200]>
2021-03-22 20:30:38,812 - instabot version: 0.117.0 (api) - DEBUG - GET to endpoint: business/eligibility/get_monetization_products_eligibility_data/?product_types=branded_content returned response: <Response [200]>
2021-03-22 20:30:39,451 - instabot version: 0.117.0 (api) - DEBUG - GET to endpoint: business/branded_content/should_require_professional_account/ returned response: <Response [200]>
2021-03-22 20:30:40,087 - instabot version: 0.117.0 (api) - DEBUG - GET to endpoint: linked_accounts/get_linkage_status/ returned response: <Response [200]>
2021-03-22 20:30:40,731 - instabot version: 0.117.0 (api) - DEBUG - GET to endpoint: locations/request_country/ returned response: <Response [200]>
2021-03-22 20:30:41,417 - instabot version: 0.117.0 (api) - DEBUG - GET to endpoint: qp/get_cooldowns/?signed_body=signed_body=4b9c516a5410a3bc128e09c6104a7f042146b9c2023870560c63a43a7f66781c.4&ig_sig_key_version=4&ig_sig_key_version=4 returned response: <Response [200]>
2021-03-22 20:30:43,782 - instabot version: 0.117.0 (api) - DEBUG - GET to endpoint: users/arlink_download_info/?version_override=2.2.1 returned response: <Response [200]>
2021-03-22 20:30:44,656 - instabot version: 0.117.0 (api) - DEBUG - GET to endpoint: users/46273463996/info/ returned response: <Response [200]>
2021-03-22 20:30:45,456 - instabot version: 0.117.0 (api) - DEBUG - GET to endpoint: direct_v2/get_presence/ returned response: <Response [200]>
2021-03-22 20:30:46,141 - instabot version: 0.117.0 (api) - DEBUG - GET to endpoint: direct_v2/inbox/?visual_message_return_type=unseen&thread_message_limit=10&persistentBadging=true&limit=20 returned response: <Response [200]>
2021-03-22 20:30:46,792 - instabot version: 0.117.0 (api) - DEBUG - GET to endpoint: direct_v2/inbox/?visual_message_return_type=unseen&persistentBadging=true&limit=0 returned response: <Response [200]>
2021-03-22 20:30:47,798 - instabot version: 0.117.0 (api) - DEBUG - GET to endpoint: discover/topical_explore/?is_prefetch=true&omit_cover_media=true&use_sectional_payload=true&timezone_offset=0&session_id=a13c1624-5b3e-4d81-b6b7-c1763b946e41&include_fixed_destinations=true returned response: <Response [200]>
2021-03-22 20:30:48,451 - instabot version: 0.117.0 (api) - DEBUG - POST to endpoint: notifications/badge/ returned response: <Response [200]>
2021-03-22 20:30:49,253 - instabot version: 0.117.0 (api) - DEBUG - POST to endpoint: qp/batch_fetch/ returned response: <Response [200]>
2021-03-22 20:30:49,255 - instabot version: 0.117.0 (bot_checkpoint) - DEBUG - Loading Checkpoint file from: C:\Projects\Python\InstagramBot/config/gudrizimlu.checkpoint
2021-03-22 20:30:50,035 - instabot version: 0.117.0 (api) - DEBUG - GET to endpoint: feed/user/46273463996/?max_id=&min_timestamp=None&rank_token=46273463996_ed36e86d-4334-42c5-ad83-a17225ea034b&ranked_content=true returned response: <Response [200]>
2021-03-22 20:30:50,878 - instabot version: 0.117.0 (api) - DEBUG - GET to endpoint: media/2535335539252695129_46273463996/comments/ returned response: <Response [200]>
2021-03-22 20:30:51,640 - instabot version: 0.117.0 (api) - DEBUG - GET to endpoint: media/2535335539252695129_46273463996/comments/ returned response: <Response [200]>
2021-03-22 20:30:51,656 - instabot version: 0.117.0 (bot_checkpoint) - DEBUG - Saving Checkpoint file to: C:\Projects\Python\InstagramBot/config/gudrizimlu.checkpoint
2021-03-22 20:30:51,657 - instabot version: 0.117.0 (bot) - INFO - Total likes: 4/56
2021-03-22 20:30:51,658 - instabot version: 0.117.0 (bot) - INFO - Total comments: 2/100000
2021-03-22 20:30:51,659 - instabot version: 0.117.0 (bot) - INFO - Total requests: 157
